<?xml version="1.0" encoding="UTF-8"?>
<testng-results ignored="0" total="1" passed="1" failed="0" skipped="0">
  <reporter-output>
  </reporter-output>
  <suite started-at="2024-06-06T13:20:32 IST" name="Default Suite" finished-at="2024-06-06T13:20:32 IST" duration-ms="38">
    <groups>
    </groups>
    <test started-at="2024-06-06T13:20:32 IST" name="TestNG_Mave" finished-at="2024-06-06T13:20:32 IST" duration-ms="38">
      <class name="TestCases">
        <test-method signature="setup()[pri:0, instance:TestCases@290dbf45]" started-at="2024-06-06T13:20:32 IST" name="setup" finished-at="2024-06-06T13:20:32 IST" duration-ms="6" status="PASS">
          <reporter-output>
          </reporter-output>
        </test-method> <!-- setup -->
      </class> <!-- TestCases -->
    </test> <!-- TestNG_Mave -->
  </suite> <!-- Default Suite -->
</testng-results>
